SF:lib/authenticate/login_fireship.dart
DA:6,1
DA:8,1
DA:10,1
DA:11,1
DA:12,1
DA:14,2
DA:15,1
DA:16,1
DA:19,1
DA:20,1
DA:21,1
DA:23,1
DA:24,2
DA:26,1
DA:27,1
DA:29,1
DA:30,1
DA:31,0
DA:34,1
DA:36,1
DA:37,3
DA:40,1
DA:42,1
DA:52,1
DA:53,1
DA:60,1
DA:62,1
DA:63,3
DA:64,3
DA:67,1
DA:69,2
DA:70,5
DA:71,3
LF:33
LH:32
end_of_record
SF:lib/authenticate/auth_fireship.dart
DA:8,1
DA:9,3
DA:12,3
DA:14,0
DA:15,0
DA:16,0
DA:17,0
DA:18,0
DA:20,0
DA:36,0
DA:37,0
DA:39,0
DA:41,0
DA:43,0
DA:44,0
DA:45,0
DA:48,0
DA:50,0
DA:51,0
DA:52,0
DA:56,1
DA:58,4
DA:60,2
DA:61,1
DA:62,1
DA:63,1
DA:64,1
DA:65,1
DA:69,1
DA:70,2
DA:74,3
LF:31
LH:14
end_of_record
SF:lib/screens/home.dart
DA:11,10
DA:20,5
DA:21,5
DA:34,5
DA:37,10
DA:38,5
DA:41,5
DA:43,5
DA:44,5
DA:45,5
DA:46,10
DA:47,5
DA:50,10
DA:51,5
DA:52,5
DA:55,5
DA:56,5
DA:57,5
DA:59,5
DA:60,5
DA:61,5
DA:62,5
DA:63,5
DA:65,5
DA:68,5
DA:69,21
DA:70,5
DA:71,5
DA:80,5
DA:81,5
DA:82,5
DA:85,5
DA:86,5
DA:89,5
DA:90,5
DA:91,5
DA:95,5
DA:98,5
DA:99,5
DA:100,5
DA:110,5
DA:111,5
DA:113,5
DA:114,5
DA:116,5
DA:118,15
DA:120,5
DA:121,5
DA:122,15
DA:130,5
DA:131,5
DA:132,5
DA:137,5
DA:138,5
DA:144,1
DA:145,3
DA:152,1
DA:154,1
DA:155,2
DA:156,3
DA:162,1
DA:163,1
DA:164,1
DA:166,1
DA:167,3
DA:168,1
DA:169,1
DA:173,1
DA:174,1
DA:184,1
DA:185,1
DA:188,1
DA:189,1
DA:192,1
DA:193,1
DA:194,1
DA:195,1
DA:196,1
DA:197,2
DA:198,4
DA:204,1
DA:207,1
DA:208,1
DA:209,2
DA:210,0
DA:211,0
DA:212,0
DA:213,0
DA:214,0
DA:215,0
DA:217,0
DA:218,0
DA:219,0
DA:224,0
DA:227,1
DA:228,1
DA:230,1
DA:244,1
DA:246,1
DA:256,1
DA:257,2
DA:259,3
DA:260,0
DA:261,0
DA:265,0
DA:266,0
DA:267,0
DA:268,0
DA:271,0
DA:273,0
DA:274,0
DA:279,0
DA:280,0
DA:281,0
DA:286,1
DA:287,1
DA:293,10
DA:294,2
DA:299,2
DA:300,2
DA:305,2
DA:306,2
DA:311,2
DA:312,2
DA:317,2
DA:318,2
LF:126
LH:104
end_of_record
SF:lib/navigate/parkcore_button.dart
DA:5,13
DA:7,13
DA:8,13
DA:9,13
DA:14,2
DA:15,2
LF:6
LH:6
end_of_record
SF:lib/navigate/menu_drawer.dart
DA:7,1
DA:9,1
DA:10,1
DA:12,1
DA:13,1
DA:14,1
DA:19,1
DA:20,2
DA:23,1
DA:24,1
DA:30,1
DA:31,1
DA:37,1
DA:38,1
DA:39,1
DA:45,1
DA:46,1
DA:58,1
DA:60,1
DA:63,1
DA:64,1
DA:65,1
DA:68,1
DA:70,1
DA:73,1
DA:76,1
DA:77,1
DA:78,1
DA:80,3
DA:86,1
DA:88,2
DA:90,1
DA:92,1
DA:97,1
DA:98,1
DA:99,1
DA:100,1
DA:101,1
DA:102,1
DA:105,1
DA:107,1
DA:110,1
DA:113,1
DA:114,1
DA:115,1
DA:117,3
DA:123,1
DA:125,2
DA:127,1
DA:130,1
DA:132,1
DA:133,2
DA:134,2
LF:53
LH:53
end_of_record
SF:lib/screens/parkcore_text.dart
DA:5,5
DA:7,5
DA:9,5
DA:10,5
DA:12,15
DA:14,5
DA:16,15
DA:18,5
DA:19,5
DA:20,5
DA:23,5
DA:24,5
DA:25,5
DA:26,5
DA:27,5
DA:32,5
DA:33,10
LF:17
LH:17
end_of_record
SF:lib/parking/find_parking.dart
DA:16,4
DA:28,2
DA:29,2
DA:51,0
DA:53,0
DA:54,0
DA:55,0
DA:56,0
DA:57,0
DA:58,0
DA:59,0
DA:60,0
DA:61,0
DA:62,0
DA:64,0
DA:65,0
DA:66,0
DA:67,0
DA:68,0
DA:69,0
DA:70,0
DA:77,0
DA:78,0
DA:79,0
DA:84,1
DA:85,1
DA:86,1
DA:87,1
DA:88,1
DA:89,1
DA:90,1
DA:91,0
DA:92,0
DA:99,1
DA:100,1
DA:101,1
DA:102,1
DA:103,2
DA:105,2
DA:111,2
DA:113,2
DA:114,2
DA:115,6
DA:117,4
DA:118,2
DA:119,2
DA:122,2
DA:123,2
DA:124,2
DA:125,2
DA:126,2
DA:132,2
DA:133,2
DA:136,2
DA:137,2
DA:140,2
DA:141,1
DA:142,2
DA:143,1
DA:146,2
DA:148,2
DA:149,2
DA:150,2
DA:153,2
DA:160,2
DA:161,2
DA:162,2
DA:163,2
DA:164,2
DA:165,2
DA:166,14
DA:167,16
DA:168,8
DA:172,6
DA:177,2
DA:178,2
DA:179,12
DA:182,2
DA:183,4
DA:184,3
DA:185,1
DA:189,2
DA:191,2
DA:192,4
DA:193,1
DA:194,3
DA:195,0
DA:196,0
DA:199,1
DA:200,3
DA:201,0
DA:202,0
DA:206,3
DA:207,2
DA:208,9
DA:209,5
DA:213,1
DA:216,3
DA:221,1
DA:222,1
DA:223,1
DA:225,1
DA:226,1
DA:227,1
DA:228,1
DA:229,4
DA:230,1
DA:233,2
DA:234,4
DA:243,1
DA:244,1
DA:245,1
DA:248,1
DA:249,1
DA:252,1
DA:253,1
DA:256,1
DA:259,1
DA:260,1
DA:261,1
DA:265,1
DA:268,1
DA:269,1
DA:270,1
DA:276,1
DA:279,1
DA:280,1
DA:281,1
DA:282,1
DA:283,1
DA:287,1
DA:288,1
DA:289,1
DA:290,1
DA:296,1
DA:299,1
DA:300,1
DA:301,1
DA:302,1
DA:303,1
DA:307,1
DA:308,1
DA:309,1
DA:310,1
DA:312,1
DA:314,1
DA:322,1
DA:327,1
DA:328,1
DA:329,1
DA:330,1
DA:331,2
DA:332,2
DA:335,1
DA:337,1
DA:341,3
DA:345,3
DA:350,1
DA:351,1
DA:352,4
DA:353,2
DA:354,2
DA:359,1
DA:360,2
DA:361,1
DA:363,1
DA:365,1
DA:369,1
DA:370,1
DA:372,1
DA:375,1
DA:376,1
DA:377,1
DA:378,1
DA:380,4
DA:382,1
DA:383,1
DA:384,1
DA:385,1
DA:386,2
DA:387,2
DA:390,2
DA:391,2
DA:392,1
DA:393,1
DA:402,1
DA:403,1
DA:405,1
DA:408,1
DA:409,1
DA:410,1
DA:412,4
DA:414,1
DA:415,1
DA:416,1
DA:417,1
DA:418,2
DA:419,2
DA:422,2
DA:423,2
DA:424,1
DA:425,1
DA:434,1
DA:435,1
DA:437,1
DA:440,1
DA:441,1
DA:442,1
DA:444,4
DA:446,1
DA:447,1
DA:448,1
DA:449,1
DA:450,2
DA:451,1
DA:452,2
DA:453,1
DA:456,4
DA:457,1
DA:461,5
DA:462,2
DA:463,1
DA:464,1
DA:474,1
DA:475,1
DA:476,1
DA:477,2
DA:478,2
DA:481,1
DA:483,4
DA:492,1
DA:493,1
DA:494,1
DA:496,1
DA:499,1
DA:502,1
DA:503,1
DA:504,1
DA:505,1
DA:507,3
DA:509,1
DA:511,3
DA:513,1
DA:515,4
DA:517,1
DA:519,3
DA:522,1
DA:523,1
DA:524,2
DA:525,4
DA:529,3
DA:530,3
DA:531,1
DA:532,1
DA:533,1
DA:536,1
DA:541,1
DA:546,1
DA:548,1
DA:553,4
DA:554,3
DA:555,2
DA:558,0
DA:559,0
DA:566,4
DA:567,2
DA:568,3
DA:571,5
DA:572,2
DA:577,1
DA:578,1
DA:579,3
DA:586,1
DA:588,3
DA:589,6
DA:592,1
DA:597,1
DA:600,6
DA:604,1
DA:606,1
DA:607,1
DA:608,1
DA:609,1
DA:610,1
DA:611,2
DA:612,1
DA:614,1
DA:624,1
DA:626,1
DA:628,1
DA:630,1
DA:631,1
DA:632,1
DA:633,1
DA:635,4
DA:636,3
DA:637,2
DA:642,1
DA:644,2
DA:646,1
DA:647,1
DA:648,1
DA:649,1
DA:651,1
DA:652,1
DA:653,1
DA:655,1
DA:656,1
DA:659,1
DA:660,1
DA:661,3
DA:662,0
DA:667,1
DA:670,1
DA:673,1
DA:675,1
DA:679,1
DA:680,1
DA:682,1
DA:688,1
DA:689,4
DA:690,1
DA:693,1
DA:695,1
DA:702,1
DA:703,1
DA:705,1
DA:706,1
DA:707,3
DA:708,1
DA:709,2
DA:710,1
DA:726,1
DA:727,1
DA:728,1
DA:730,1
DA:731,1
DA:733,3
DA:734,1
DA:737,1
DA:738,1
DA:740,1
DA:741,1
DA:742,1
DA:743,1
DA:744,1
DA:745,4
DA:747,3
DA:753,1
DA:757,1
DA:758,1
LF:351
LH:321
end_of_record
SF:lib/models/CurrentUser.dart
DA:4,5
DA:14,2
DA:15,1
DA:18,5
DA:19,5
DA:20,1
DA:26,1
DA:27,1
DA:28,1
DA:34,1
DA:35,1
DA:36,2
DA:37,2
LF:13
LH:13
end_of_record
SF:lib/models/ParkingData.dart
DA:4,5
DA:25,4
DA:26,2
DA:27,2
DA:28,2
DA:29,2
DA:30,2
DA:31,2
DA:32,2
DA:33,2
LF:10
LH:10
end_of_record
SF:lib/models/ParkingData2.dart
DA:5,4
DA:21,4
DA:22,2
DA:23,2
DA:24,2
DA:25,2
DA:26,4
DA:27,2
LF:8
LH:8
end_of_record
SF:lib/models/ParkingData3.dart
DA:4,3
DA:16,4
DA:17,4
DA:18,2
DA:19,2
DA:20,2
LF:6
LH:6
end_of_record
SF:lib/models/Spot.dart
DA:5,2
DA:6,4
DA:7,2
DA:8,2
DA:9,2
DA:10,2
DA:11,2
DA:12,2
DA:13,2
DA:14,2
DA:15,2
DA:16,2
DA:17,2
DA:18,2
DA:19,2
DA:20,2
DA:21,2
DA:22,2
DA:25,1
DA:26,3
LF:20
LH:20
end_of_record
SF:lib/parking/parking_details.dart
DA:10,1
DA:11,1
DA:12,1
DA:13,1
DA:14,1
DA:16,1
DA:17,3
DA:27,4
DA:38,2
DA:39,2
DA:47,2
DA:49,2
DA:50,2
DA:51,4
DA:53,2
DA:54,2
DA:55,2
DA:56,2
DA:57,1
DA:58,1
DA:63,2
DA:64,2
DA:67,2
DA:69,2
DA:71,2
DA:73,2
DA:77,2
DA:79,10
DA:81,2
DA:82,2
DA:84,2
DA:85,2
DA:86,2
DA:87,8
DA:89,2
DA:90,2
DA:91,2
DA:92,2
DA:93,2
DA:94,1
DA:95,2
DA:103,2
DA:104,8
DA:105,2
DA:108,1
DA:109,7
DA:111,1
DA:112,2
DA:114,4
DA:119,2
DA:125,1
DA:129,2
DA:130,6
DA:135,2
DA:136,2
DA:142,2
DA:143,2
DA:145,2
DA:146,2
DA:147,2
DA:148,2
DA:149,3
DA:150,0
DA:153,0
DA:158,2
DA:160,2
DA:168,2
DA:169,2
DA:170,2
DA:171,6
DA:173,2
DA:176,2
DA:177,2
DA:178,2
DA:179,2
DA:180,2
DA:182,2
DA:183,2
DA:184,28
DA:186,2
DA:187,2
DA:188,2
DA:190,2
DA:191,2
DA:192,2
DA:193,2
DA:194,1
DA:195,0
DA:199,0
DA:201,2
DA:204,2
DA:207,3
DA:208,2
DA:209,2
DA:210,2
DA:212,2
DA:213,2
DA:218,2
DA:219,4
DA:221,2
DA:224,0
DA:229,2
DA:230,2
DA:231,3
DA:239,2
DA:240,2
DA:241,2
DA:242,2
DA:243,2
DA:245,2
DA:246,2
DA:247,2
DA:249,2
DA:250,18
DA:251,10
DA:252,18
DA:253,18
DA:259,10
DA:260,2
DA:261,2
DA:262,2
DA:263,2
DA:265,2
DA:266,2
DA:267,20
DA:270,2
DA:271,14
DA:272,2
DA:273,2
DA:274,2
DA:275,2
DA:277,2
DA:278,2
DA:279,20
DA:282,2
DA:283,10
DA:284,2
DA:285,2
DA:286,2
DA:287,2
DA:289,2
DA:290,2
DA:291,20
DA:294,2
DA:295,10
DA:296,2
DA:297,2
DA:298,2
DA:299,10
DA:300,2
DA:301,8
DA:302,2
LF:152
LH:147
end_of_record
SF:lib/parking/pform/add_parking1.dart
DA:15,10
DA:24,5
DA:25,5
DA:40,5
DA:42,5
DA:43,5
DA:46,5
DA:47,15
DA:48,0
DA:49,0
DA:54,5
DA:60,5
DA:61,5
DA:62,5
DA:63,5
DA:64,5
DA:65,5
DA:67,5
DA:70,5
DA:71,20
DA:72,4
DA:73,5
DA:74,5
DA:75,5
DA:76,5
DA:77,5
DA:79,5
DA:89,5
DA:90,5
DA:91,5
DA:94,5
DA:95,5
DA:97,5
DA:98,15
DA:99,5
DA:103,5
DA:104,5
DA:105,5
DA:106,5
DA:107,5
DA:108,5
DA:109,5
DA:110,5
DA:111,5
DA:112,5
DA:113,16
DA:115,5
DA:117,5
DA:118,5
DA:119,5
DA:120,5
DA:126,5
DA:127,5
DA:128,5
DA:130,5
DA:131,5
DA:133,1
DA:134,2
DA:135,2
DA:141,5
DA:142,5
DA:143,5
DA:144,5
DA:145,5
DA:146,1
DA:147,2
DA:148,2
DA:154,5
DA:155,5
DA:156,5
DA:157,5
DA:158,5
DA:159,1
DA:160,2
DA:161,2
DA:167,5
DA:168,5
DA:172,10
DA:173,1
DA:174,2
DA:175,2
DA:178,1
DA:179,2
DA:180,2
DA:181,2
DA:184,5
DA:190,5
DA:191,5
DA:192,5
DA:194,5
DA:195,5
DA:196,1
DA:197,2
DA:198,2
DA:205,5
DA:206,5
DA:208,5
DA:209,5
DA:210,5
DA:211,5
DA:213,15
DA:215,10
DA:225,1
DA:226,2
DA:227,3
DA:228,2
DA:229,2
DA:230,2
DA:234,1
DA:235,1
DA:238,2
DA:239,2
DA:246,1
DA:247,1
DA:250,2
DA:256,1
DA:257,1
DA:260,2
DA:266,1
DA:267,1
DA:273,1
DA:274,1
DA:277,2
DA:280,1
DA:283,2
DA:295,1
DA:297,3
DA:298,6
DA:299,4
DA:300,3
DA:301,0
DA:302,0
DA:303,0
DA:305,0
DA:306,0
DA:307,0
DA:309,0
DA:310,0
DA:311,0
DA:315,0
DA:316,0
DA:317,0
DA:318,0
DA:322,0
DA:323,0
DA:329,1
DA:330,4
DA:334,4
DA:340,0
DA:341,0
DA:342,0
DA:343,0
DA:344,0
DA:345,0
DA:346,0
LF:155
LH:131
end_of_record
SF:lib/parking/random_coordinates.dart
DA:3,1
DA:9,1
DA:10,3
DA:11,5
DA:13,1
DA:16,2
DA:17,1
DA:18,1
DA:21,2
DA:22,2
DA:23,2
DA:24,2
DA:25,5
DA:26,5
DA:28,6
LF:15
LH:15
end_of_record
SF:lib/parking/pform/pform_helpers.dart
DA:6,18
DA:9,6
DA:10,6
DA:11,6
DA:13,12
DA:14,6
DA:15,6
DA:21,6
DA:22,6
DA:24,6
DA:25,6
DA:26,12
DA:33,4
DA:34,4
DA:36,4
DA:37,4
DA:38,4
DA:39,3
DA:40,3
DA:42,4
DA:44,12
DA:46,8
DA:59,12
DA:60,6
DA:62,10
DA:63,2
DA:65,6
DA:66,6
LF:28
LH:28
end_of_record
SF:lib/parking/pform/add_parking2.dart
DA:11,2
DA:22,1
DA:23,1
DA:67,1
DA:69,1
DA:72,1
DA:78,1
DA:79,1
DA:80,1
DA:81,1
DA:82,1
DA:83,1
DA:85,1
DA:88,1
DA:89,2
DA:90,4
DA:91,1
DA:92,1
DA:93,1
DA:94,1
DA:95,1
DA:97,1
DA:107,1
DA:108,1
DA:109,1
DA:110,1
DA:111,1
DA:112,4
DA:114,1
DA:116,1
DA:117,1
DA:118,1
DA:119,1
DA:120,4
DA:122,1
DA:124,1
DA:125,3
DA:126,0
DA:127,0
DA:128,0
DA:129,0
DA:131,1
DA:132,2
DA:133,1
DA:135,1
DA:136,1
DA:137,2
DA:138,1
DA:140,1
DA:141,1
DA:142,1
DA:143,1
DA:144,1
DA:145,2
DA:151,1
DA:152,1
DA:156,2
DA:157,1
DA:158,2
DA:159,2
DA:162,1
DA:163,2
DA:164,2
DA:167,1
DA:173,1
DA:174,1
DA:178,2
DA:179,1
DA:180,2
DA:181,2
DA:184,1
DA:185,2
DA:186,2
DA:189,1
DA:196,0
DA:197,0
DA:200,0
DA:201,0
DA:202,0
DA:204,0
DA:206,0
DA:208,0
DA:211,0
DA:212,0
DA:213,0
DA:216,0
DA:223,1
DA:224,1
DA:227,2
DA:228,1
DA:229,2
DA:231,2
DA:233,2
DA:235,2
DA:238,1
DA:239,2
DA:240,2
DA:243,1
DA:249,1
DA:250,1
DA:253,1
DA:259,2
DA:260,1
DA:262,2
DA:263,2
DA:269,1
DA:270,1
DA:271,1
DA:275,1
DA:276,1
DA:277,1
DA:278,2
DA:279,2
DA:286,1
DA:287,1
DA:289,1
DA:290,1
DA:291,1
DA:292,1
DA:294,3
DA:296,2
DA:304,1
DA:305,3
DA:306,1
DA:307,0
DA:310,2
DA:311,2
DA:319,1
DA:320,3
DA:321,2
DA:322,2
DA:326,0
DA:331,0
DA:332,0
DA:333,0
DA:334,0
DA:335,0
DA:336,0
DA:337,0
DA:338,0
LF:140
LH:114
end_of_record
SF:lib/parking/pform/add_parking3.dart
DA:14,1
DA:16,1
DA:28,1
DA:29,1
DA:53,1
DA:55,1
DA:58,1
DA:64,1
DA:65,1
DA:66,1
DA:67,1
DA:68,1
DA:69,1
DA:71,1
DA:74,1
DA:75,2
DA:76,4
DA:77,1
DA:78,1
DA:79,1
DA:80,1
DA:81,1
DA:83,1
DA:93,1
DA:94,1
DA:95,1
DA:96,2
DA:97,1
DA:99,1
DA:100,1
DA:101,1
DA:102,1
DA:103,1
DA:104,1
DA:105,1
DA:106,1
DA:107,1
DA:108,2
DA:114,1
DA:115,1
DA:118,1
DA:124,2
DA:125,1
DA:127,0
DA:128,0
DA:134,1
DA:135,1
DA:136,1
DA:137,1
DA:138,1
DA:141,0
DA:142,0
DA:144,0
DA:146,0
DA:147,0
DA:148,0
DA:149,0
DA:151,0
DA:156,1
DA:157,1
DA:158,1
DA:159,1
DA:160,1
DA:162,1
DA:163,1
DA:164,2
DA:165,4
DA:172,1
DA:173,1
DA:175,1
DA:176,1
DA:177,1
DA:178,1
DA:180,3
DA:182,2
DA:190,1
DA:191,1
DA:192,1
DA:195,2
DA:196,2
DA:204,1
DA:205,2
DA:206,1
DA:207,2
DA:211,2
DA:212,1
DA:219,1
DA:220,1
DA:227,1
DA:228,1
DA:229,1
DA:230,1
DA:231,2
DA:232,2
DA:233,2
DA:234,1
DA:235,2
LF:97
LH:87
end_of_record
SF:lib/parking/pform/add_parking_review.dart
DA:10,2
DA:12,2
DA:25,2
DA:26,2
DA:33,2
DA:35,2
DA:38,2
DA:44,2
DA:45,2
DA:46,2
DA:47,2
DA:48,2
DA:49,2
DA:51,2
DA:54,2
DA:55,2
DA:56,2
DA:57,2
DA:58,2
DA:59,2
DA:61,2
DA:71,2
DA:72,2
DA:73,2
DA:75,8
DA:77,2
DA:78,10
DA:79,10
DA:80,10
DA:81,10
DA:82,10
DA:83,10
DA:84,10
DA:85,10
DA:86,10
DA:87,12
DA:88,10
DA:89,12
DA:90,10
DA:91,10
DA:92,10
DA:93,2
DA:94,2
DA:95,8
DA:96,10
DA:97,2
DA:98,2
DA:99,2
DA:100,4
DA:104,2
DA:105,2
DA:107,2
DA:108,2
DA:109,2
DA:110,2
DA:112,6
DA:114,4
DA:121,1
DA:122,1
DA:123,1
DA:124,1
DA:125,2
DA:126,2
DA:127,2
DA:128,2
DA:129,2
LF:66
LH:66
end_of_record
SF:lib/parking/pform/add_parking_submit.dart
DA:14,2
DA:16,2
DA:29,2
DA:30,2
DA:41,2
DA:43,2
DA:46,2
DA:52,2
DA:53,2
DA:54,2
DA:55,2
DA:56,2
DA:57,2
DA:59,2
DA:62,2
DA:63,2
DA:64,2
DA:65,2
DA:66,2
DA:67,2
DA:69,2
DA:79,2
DA:80,2
DA:81,2
DA:82,2
DA:83,2
DA:84,2
DA:85,2
DA:86,2
DA:87,2
DA:90,2
DA:91,2
DA:92,2
DA:93,4
DA:99,2
DA:100,2
DA:101,2
DA:102,2
DA:104,8
DA:106,0
DA:110,2
DA:111,2
DA:112,2
DA:114,2
DA:115,2
DA:116,2
DA:117,2
DA:119,2
DA:120,2
DA:121,6
DA:130,1
DA:131,3
DA:133,0
DA:134,0
DA:139,0
DA:140,0
DA:141,0
DA:145,0
DA:147,0
DA:149,0
DA:150,0
DA:151,0
DA:157,0
DA:158,0
DA:164,2
DA:165,2
DA:167,2
DA:168,2
DA:169,2
DA:170,1
DA:171,2
DA:172,1
DA:174,1
DA:175,2
DA:176,2
DA:178,2
DA:180,8
DA:182,6
DA:190,1
DA:193,1
DA:194,0
DA:197,1
DA:201,1
DA:202,1
DA:203,1
DA:206,3
DA:208,4
DA:209,4
DA:210,4
DA:212,3
DA:214,0
DA:215,0
LF:92
LH:76
end_of_record
SF:lib/theme/style.dart
DA:3,6
DA:4,6
DA:6,6
DA:7,6
DA:8,6
DA:9,6
DA:14,6
DA:16,6
DA:20,6
DA:22,6
DA:25,6
DA:27,6
DA:32,6
DA:36,6
LF:14
LH:14
end_of_record
SF:lib/screens/form_success.dart
DA:9,2
DA:10,2
DA:11,2
DA:12,2
DA:18,1
DA:19,4
DA:20,1
DA:22,1
DA:23,1
DA:27,1
DA:33,2
DA:35,2
DA:36,2
DA:38,2
DA:39,2
DA:41,4
DA:42,2
DA:43,2
DA:46,2
DA:47,2
DA:48,2
DA:50,2
DA:51,2
DA:54,2
DA:55,2
DA:56,2
DA:63,2
DA:66,2
DA:68,6
DA:71,2
DA:74,2
DA:76,6
DA:79,2
DA:82,2
DA:84,2
DA:87,2
DA:89,6
DA:92,2
DA:95,2
DA:96,2
DA:97,2
LF:41
LH:41
end_of_record
SF:lib/screens/contact.dart
DA:7,3
DA:9,3
DA:11,3
DA:12,3
DA:14,6
DA:15,3
DA:16,3
DA:19,3
DA:20,3
DA:21,3
DA:23,3
DA:24,3
DA:25,3
DA:26,3
DA:27,3
DA:33,3
DA:44,3
DA:46,9
LF:18
LH:18
end_of_record
SF:lib/screens/about.dart
DA:8,4
DA:10,2
DA:11,2
DA:18,2
DA:19,6
DA:23,2
DA:24,6
DA:28,2
DA:29,4
DA:30,0
DA:31,0
DA:35,2
DA:36,4
DA:37,0
DA:38,0
DA:42,2
DA:44,2
DA:45,2
DA:46,2
DA:49,2
DA:51,2
DA:53,2
DA:54,2
DA:56,4
DA:57,2
DA:58,2
DA:61,2
DA:62,2
DA:63,2
DA:65,2
DA:67,2
DA:68,2
DA:69,2
DA:70,2
DA:71,2
DA:77,2
DA:88,2
DA:89,2
DA:90,6
DA:94,2
DA:96,2
DA:97,2
DA:98,2
DA:99,2
DA:100,6
DA:106,2
DA:107,2
DA:108,2
DA:109,2
DA:111,2
DA:115,2
DA:116,4
LF:52
LH:48
end_of_record
