SF:lib/authenticate/login_fireship.dart
DA:6,1
DA:8,1
DA:10,1
DA:11,1
DA:12,1
DA:14,2
DA:15,1
DA:16,1
DA:19,1
DA:20,0
DA:21,0
DA:23,1
DA:24,2
DA:26,1
DA:27,1
DA:29,1
DA:30,1
DA:31,0
DA:34,1
DA:36,1
DA:37,0
DA:40,1
DA:42,1
DA:50,1
DA:51,1
DA:58,1
DA:60,1
DA:61,3
DA:62,3
DA:65,1
DA:67,2
DA:68,5
DA:69,3
DA:75,0
DA:77,0
DA:78,0
DA:79,0
DA:80,0
DA:81,0
DA:82,0
DA:85,0
DA:88,0
DA:89,0
DA:92,0
LF:44
LH:29
end_of_record
SF:lib/authenticate/auth_fireship.dart
DA:8,1
DA:10,4
DA:12,3
DA:14,0
DA:15,0
DA:16,0
DA:17,0
DA:18,0
DA:21,0
DA:36,0
DA:37,0
DA:38,0
DA:39,0
DA:40,0
DA:41,0
DA:42,0
DA:44,0
DA:46,0
DA:47,0
DA:48,0
DA:52,0
DA:53,0
DA:55,0
DA:56,0
DA:57,0
DA:58,0
DA:59,0
DA:60,0
DA:64,0
DA:65,0
DA:69,3
LF:31
LH:4
end_of_record
SF:lib/navigate/parkcore_button.dart
DA:5,7
DA:7,7
DA:8,7
DA:9,7
DA:14,0
DA:15,0
LF:6
LH:4
end_of_record
SF:lib/screens/form_success.dart
DA:9,1
DA:10,1
DA:11,1
DA:12,1
DA:18,1
DA:19,4
DA:20,1
DA:22,1
DA:23,1
DA:27,1
DA:33,1
DA:35,1
DA:36,1
DA:38,1
DA:39,1
DA:41,2
DA:42,1
DA:43,1
DA:46,1
DA:47,1
DA:48,1
DA:50,1
DA:51,1
DA:54,1
DA:55,1
DA:56,1
DA:63,1
DA:66,1
DA:68,3
DA:71,1
DA:74,1
DA:76,3
DA:79,1
DA:82,1
DA:84,1
DA:87,1
DA:89,3
DA:92,1
DA:95,1
DA:96,1
DA:97,1
LF:41
LH:41
end_of_record
SF:lib/navigate/menu_drawer.dart
DA:6,1
DA:8,1
DA:9,1
DA:11,1
DA:12,1
DA:13,1
DA:18,1
DA:19,2
DA:22,1
DA:28,1
DA:34,1
DA:35,1
DA:41,1
DA:53,1
DA:55,1
DA:56,1
DA:57,1
DA:58,1
DA:61,1
DA:63,1
DA:66,1
DA:69,1
DA:70,1
DA:71,1
DA:73,3
DA:79,1
DA:81,2
DA:83,0
DA:85,0
DA:90,1
DA:91,1
DA:92,1
DA:93,1
DA:94,1
DA:97,1
DA:99,1
DA:102,1
DA:105,1
DA:106,1
DA:107,1
DA:109,3
DA:115,1
DA:117,2
DA:119,0
DA:122,0
DA:124,0
DA:125,0
LF:47
LH:41
end_of_record
SF:lib/parking/find_parking.dart
DA:10,0
DA:11,0
DA:12,0
DA:13,0
DA:14,0
DA:15,0
DA:16,0
DA:17,0
DA:18,0
DA:19,0
DA:20,0
DA:21,0
DA:22,0
DA:23,0
DA:24,0
DA:25,0
DA:26,0
DA:27,0
DA:30,0
DA:31,0
DA:61,2
DA:72,1
DA:73,1
DA:96,0
DA:97,0
DA:98,0
DA:99,0
DA:100,0
DA:101,0
DA:102,0
DA:103,0
DA:104,0
DA:105,0
DA:106,0
DA:107,0
DA:109,0
DA:110,0
DA:111,0
DA:112,0
DA:113,0
DA:114,0
DA:115,0
DA:116,0
DA:117,0
DA:118,0
DA:119,0
DA:120,0
DA:121,0
DA:122,0
DA:124,0
DA:125,0
DA:126,0
DA:140,0
DA:141,0
DA:142,0
DA:147,1
DA:149,1
DA:150,1
DA:151,3
DA:153,2
DA:154,1
DA:155,1
DA:158,1
DA:159,1
DA:160,1
DA:161,1
DA:162,1
DA:168,1
DA:169,1
DA:172,1
DA:173,1
DA:176,1
DA:177,0
DA:178,0
DA:179,0
DA:182,1
DA:184,1
DA:185,1
DA:186,1
DA:189,1
DA:196,1
DA:197,1
DA:198,1
DA:199,1
DA:200,1
DA:201,1
DA:202,7
DA:203,8
DA:204,4
DA:208,3
DA:213,1
DA:214,1
DA:215,2
DA:216,3
DA:217,1
DA:218,1
DA:219,2
DA:220,0
DA:221,0
DA:225,0
DA:226,0
DA:227,0
DA:228,0
DA:229,0
DA:230,0
DA:231,0
DA:234,0
DA:235,0
DA:236,0
DA:237,0
DA:241,0
DA:242,0
DA:243,0
DA:244,0
DA:248,0
DA:251,0
DA:256,0
DA:257,0
DA:259,0
DA:260,0
DA:261,0
DA:262,0
DA:263,0
DA:264,0
DA:267,0
DA:268,0
DA:277,0
DA:278,0
DA:279,0
DA:282,0
DA:283,0
DA:286,0
DA:287,0
DA:290,0
DA:293,0
DA:294,0
DA:295,0
DA:299,0
DA:302,0
DA:303,0
DA:304,0
DA:310,0
DA:313,0
DA:314,0
DA:315,0
DA:316,0
DA:317,0
DA:321,0
DA:322,0
DA:323,0
DA:324,0
DA:330,0
DA:333,0
DA:334,0
DA:335,0
DA:336,0
DA:337,0
DA:341,0
DA:342,0
DA:343,0
DA:344,0
DA:346,0
DA:348,0
DA:356,0
DA:361,0
DA:362,0
DA:363,0
DA:364,0
DA:365,0
DA:368,0
DA:370,0
DA:374,0
DA:378,0
DA:383,0
DA:384,0
DA:385,0
DA:386,0
DA:387,0
DA:388,0
DA:394,0
DA:395,0
DA:396,0
DA:398,0
DA:400,0
DA:404,0
DA:405,0
DA:407,0
DA:410,0
DA:411,0
DA:412,0
DA:414,0
DA:416,0
DA:417,0
DA:418,0
DA:419,0
DA:420,0
DA:423,0
DA:424,0
DA:425,0
DA:426,0
DA:435,0
DA:436,0
DA:438,0
DA:441,0
DA:442,0
DA:443,0
DA:445,0
DA:447,0
DA:448,0
DA:449,0
DA:450,0
DA:451,0
DA:454,0
DA:455,0
DA:456,0
DA:457,0
DA:466,0
DA:467,0
DA:469,0
DA:472,0
DA:473,0
DA:474,0
DA:476,0
DA:478,0
DA:479,0
DA:480,0
DA:481,0
DA:482,0
DA:483,0
DA:484,0
DA:487,0
DA:488,0
DA:492,0
DA:493,0
DA:494,0
DA:495,0
DA:505,0
DA:506,0
DA:507,0
DA:508,0
DA:509,0
DA:512,0
DA:514,0
DA:523,0
DA:524,0
DA:525,0
DA:527,0
DA:530,0
DA:533,0
DA:534,0
DA:535,0
DA:536,0
DA:538,0
DA:540,0
DA:542,0
DA:544,0
DA:546,0
DA:548,0
DA:550,0
DA:553,0
DA:554,0
DA:555,0
DA:556,0
DA:557,0
DA:560,0
DA:561,0
DA:562,0
DA:563,0
DA:564,0
DA:567,0
DA:572,0
DA:577,0
DA:579,0
DA:584,0
DA:585,0
DA:586,0
DA:589,0
DA:590,0
DA:597,0
DA:598,0
DA:599,0
DA:602,0
DA:603,0
DA:608,0
DA:610,0
DA:611,0
DA:612,0
DA:618,0
DA:620,0
DA:621,0
DA:624,0
DA:629,0
DA:634,0
DA:638,0
DA:639,0
DA:640,0
DA:641,0
DA:642,0
DA:643,0
DA:650,0
DA:652,0
DA:654,0
DA:656,0
DA:657,0
DA:658,0
DA:660,0
DA:661,0
DA:665,0
DA:666,0
DA:671,0
DA:673,0
DA:675,0
DA:676,0
DA:677,0
DA:679,0
DA:680,0
DA:681,0
DA:683,0
DA:684,0
DA:687,0
DA:688,0
DA:689,0
DA:691,0
DA:695,0
DA:698,0
DA:700,0
DA:704,0
DA:705,0
DA:706,0
DA:707,0
DA:712,0
DA:713,0
DA:715,0
DA:716,0
DA:717,0
DA:718,0
DA:730,0
DA:731,0
DA:733,0
DA:734,0
DA:736,0
DA:737,0
DA:740,0
DA:741,0
DA:743,0
DA:744,0
DA:745,0
DA:746,0
DA:747,0
DA:749,0
DA:754,0
DA:758,0
DA:759,0
LF:353
LH:42
end_of_record
SF:lib/parking/parking_details.dart
DA:9,0
DA:10,0
DA:11,0
DA:12,0
DA:13,0
DA:15,0
DA:16,0
DA:27,0
DA:34,0
DA:36,0
DA:37,0
DA:38,0
DA:40,0
DA:41,0
DA:42,0
DA:43,0
DA:44,0
DA:45,0
DA:50,0
DA:51,0
DA:54,0
DA:56,0
DA:58,0
DA:60,0
DA:64,0
DA:66,0
DA:68,0
DA:69,0
DA:71,0
DA:72,0
DA:73,0
DA:74,0
DA:76,0
DA:77,0
DA:78,0
DA:79,0
DA:80,0
DA:81,0
DA:82,0
DA:90,0
DA:91,0
DA:92,0
DA:93,0
DA:94,0
DA:96,0
DA:100,0
DA:102,0
DA:104,0
DA:105,0
DA:110,0
DA:111,0
DA:117,0
DA:118,0
DA:120,0
DA:121,0
DA:122,0
DA:123,0
DA:124,0
DA:130,0
DA:131,0
DA:132,0
DA:134,0
DA:135,0
DA:136,0
DA:137,0
DA:138,0
DA:140,0
DA:141,0
DA:142,0
DA:144,0
DA:145,0
DA:146,0
DA:148,0
DA:149,0
DA:150,0
DA:151,0
DA:154,0
DA:157,0
DA:158,0
DA:160,0
DA:161,0
DA:166,0
DA:167,0
DA:169,0
DA:172,0
DA:181,0
DA:182,0
DA:183,0
DA:184,0
DA:185,0
DA:187,0
DA:188,0
DA:189,0
DA:191,0
DA:192,0
DA:193,0
DA:194,0
DA:195,0
DA:201,0
DA:202,0
DA:203,0
DA:204,0
DA:205,0
DA:207,0
DA:208,0
DA:209,0
DA:212,0
DA:213,0
DA:214,0
DA:215,0
DA:216,0
DA:217,0
DA:219,0
DA:220,0
DA:221,0
DA:224,0
DA:225,0
DA:226,0
DA:227,0
DA:228,0
DA:229,0
DA:231,0
DA:232,0
DA:233,0
DA:236,0
DA:237,0
DA:238,0
DA:239,0
DA:240,0
DA:241,0
DA:242,0
DA:243,0
DA:244,0
LF:133
LH:0
end_of_record
SF:lib/screens/contact.dart
DA:7,1
DA:9,1
DA:11,1
DA:12,1
DA:14,2
DA:15,1
DA:16,1
DA:19,1
DA:20,1
DA:21,1
DA:23,1
DA:24,1
DA:25,1
DA:26,1
DA:27,1
DA:33,1
DA:44,1
DA:46,3
LF:18
LH:18
end_of_record
SF:lib/screens/about.dart
DA:8,2
DA:10,1
DA:11,1
DA:18,1
DA:19,3
DA:23,0
DA:24,0
DA:28,1
DA:29,2
DA:30,0
DA:31,0
DA:32,0
DA:33,0
DA:37,1
DA:39,1
DA:40,1
DA:43,1
DA:45,1
DA:47,1
DA:48,1
DA:50,2
DA:51,1
DA:52,1
DA:55,1
DA:56,1
DA:57,1
DA:59,1
DA:61,1
DA:62,1
DA:63,1
DA:64,1
DA:65,1
DA:71,1
DA:82,1
DA:83,1
DA:84,3
DA:88,1
DA:90,1
DA:91,1
DA:92,1
DA:93,1
DA:94,3
DA:100,1
DA:101,1
DA:102,1
DA:103,1
DA:105,1
DA:109,1
DA:110,2
LF:49
LH:43
end_of_record
SF:lib/screens/home.dart
DA:11,2
DA:20,1
DA:21,1
DA:34,1
DA:37,2
DA:38,1
DA:41,1
DA:43,1
DA:44,1
DA:45,1
DA:46,2
DA:47,1
DA:50,2
DA:51,1
DA:52,1
DA:55,1
DA:56,1
DA:57,1
DA:59,1
DA:60,1
DA:61,1
DA:62,1
DA:63,1
DA:65,1
DA:68,1
DA:69,5
DA:70,1
DA:71,1
DA:80,1
DA:81,1
DA:82,1
DA:85,1
DA:86,1
DA:89,1
DA:90,1
DA:91,1
DA:95,1
DA:98,1
DA:99,1
DA:100,1
DA:110,1
DA:111,1
DA:113,1
DA:114,1
DA:116,1
DA:118,3
DA:120,1
DA:121,1
DA:122,3
DA:130,1
DA:131,1
DA:132,1
DA:137,1
DA:138,1
DA:144,1
DA:145,3
DA:152,1
DA:154,1
DA:155,2
DA:156,3
DA:162,1
DA:163,1
DA:164,1
DA:166,1
DA:167,3
DA:168,1
DA:169,1
DA:173,3
DA:174,1
DA:183,0
DA:184,0
DA:185,0
DA:188,0
DA:189,0
DA:192,0
DA:193,0
DA:194,0
DA:195,0
DA:196,0
DA:197,0
DA:198,0
DA:204,0
DA:207,0
DA:208,0
DA:209,0
DA:210,0
DA:211,0
DA:212,0
DA:213,0
DA:214,0
DA:215,0
DA:217,0
DA:218,0
DA:219,0
DA:224,0
DA:235,1
DA:236,1
DA:237,1
DA:238,1
DA:239,2
DA:240,4
DA:245,1
DA:247,1
DA:251,0
DA:257,1
DA:259,5
DA:260,0
DA:261,0
DA:265,0
DA:266,0
DA:267,0
DA:268,0
DA:271,0
DA:273,0
DA:274,0
DA:278,0
DA:279,0
DA:280,0
DA:281,0
DA:286,1
DA:287,1
DA:293,2
DA:294,2
DA:299,2
DA:300,2
DA:305,2
DA:306,2
DA:311,2
DA:312,2
DA:317,2
DA:318,2
LF:131
LH:91
end_of_record
SF:lib/screens/parkcore_text.dart
DA:5,1
DA:7,1
DA:9,1
DA:10,1
DA:12,3
DA:14,1
DA:16,3
DA:18,1
DA:19,1
DA:20,1
DA:23,1
DA:24,1
DA:25,1
DA:26,1
DA:27,1
DA:32,1
DA:33,2
LF:17
LH:17
end_of_record
SF:lib/parking/add_parking.dart
DA:19,2
DA:28,1
DA:29,1
DA:45,1
DA:47,1
DA:48,1
DA:51,1
DA:52,3
DA:53,0
DA:54,0
DA:65,1
DA:66,2
DA:67,0
DA:73,1
DA:74,2
DA:75,0
DA:130,0
DA:131,0
DA:133,0
DA:134,0
DA:139,0
DA:140,0
DA:141,0
DA:145,0
DA:147,0
DA:148,0
DA:149,0
DA:150,0
DA:156,0
DA:157,0
DA:160,1
DA:166,1
DA:167,1
DA:168,1
DA:169,3
DA:171,2
DA:172,1
DA:173,1
DA:176,1
DA:177,1
DA:178,1
DA:180,1
DA:183,1
DA:184,4
DA:185,0
DA:186,6
DA:187,1
DA:188,1
DA:189,1
DA:190,1
DA:192,1
DA:202,1
DA:203,3
DA:204,3
DA:205,0
DA:206,0
DA:207,0
DA:208,0
DA:209,0
DA:210,0
DA:212,0
DA:216,1
DA:217,1
DA:218,1
DA:221,1
DA:222,1
DA:224,1
DA:225,2
DA:226,1
DA:230,1
DA:231,1
DA:232,1
DA:233,1
DA:234,1
DA:235,1
DA:236,1
DA:237,1
DA:238,1
DA:239,3
DA:241,1
DA:243,1
DA:244,1
DA:245,1
DA:249,0
DA:250,0
DA:251,0
DA:252,0
DA:253,0
DA:255,0
DA:257,0
DA:258,0
DA:259,0
DA:260,0
DA:262,0
DA:264,0
DA:265,0
DA:266,0
DA:267,0
DA:268,0
DA:270,0
DA:271,0
DA:272,0
DA:274,0
DA:275,0
DA:276,0
DA:277,0
DA:279,0
DA:280,0
DA:281,0
DA:285,0
DA:286,0
DA:287,0
DA:288,0
DA:289,0
DA:291,0
DA:292,0
DA:293,0
DA:294,0
DA:295,0
DA:296,0
DA:297,0
DA:301,0
DA:302,0
DA:303,0
DA:304,0
DA:305,0
DA:306,0
DA:307,0
DA:308,0
DA:309,0
DA:312,0
DA:318,1
DA:319,1
DA:320,1
DA:322,1
DA:323,1
DA:325,0
DA:326,0
DA:327,0
DA:333,1
DA:334,1
DA:335,1
DA:336,1
DA:337,1
DA:338,0
DA:339,0
DA:340,0
DA:346,1
DA:347,1
DA:348,1
DA:349,1
DA:350,1
DA:351,0
DA:352,0
DA:353,0
DA:359,1
DA:360,1
DA:364,2
DA:365,0
DA:366,0
DA:367,0
DA:368,0
DA:370,0
DA:371,0
DA:375,0
DA:376,0
DA:377,0
DA:380,1
DA:386,1
DA:387,1
DA:388,1
DA:390,1
DA:391,1
DA:392,0
DA:393,0
DA:394,0
DA:402,0
DA:403,0
DA:407,0
DA:408,0
DA:409,0
DA:410,0
DA:411,0
DA:413,0
DA:414,0
DA:418,0
DA:419,0
DA:420,0
DA:423,0
DA:429,0
DA:430,0
DA:434,0
DA:435,0
DA:436,0
DA:437,0
DA:438,0
DA:440,0
DA:441,0
DA:445,0
DA:446,0
DA:447,0
DA:450,0
DA:456,0
DA:457,0
DA:460,0
DA:461,0
DA:462,0
DA:463,0
DA:464,0
DA:466,0
DA:468,0
DA:471,0
DA:472,0
DA:473,0
DA:476,0
DA:482,0
DA:483,0
DA:486,0
DA:487,0
DA:488,0
DA:489,0
DA:490,0
DA:492,0
DA:494,0
DA:497,0
DA:498,0
DA:499,0
DA:502,0
DA:508,0
DA:509,0
DA:512,0
DA:518,0
DA:519,0
DA:521,0
DA:522,0
DA:528,0
DA:529,0
DA:530,0
DA:534,0
DA:535,0
DA:536,0
DA:537,0
DA:539,0
DA:540,0
DA:548,0
DA:549,0
DA:552,0
DA:558,0
DA:559,0
DA:561,0
DA:562,0
DA:568,0
DA:569,0
DA:570,0
DA:571,0
DA:572,0
DA:575,0
DA:576,0
DA:578,0
DA:580,0
DA:581,0
DA:582,0
DA:583,0
DA:585,0
DA:590,0
DA:591,0
DA:592,0
DA:593,0
DA:594,0
DA:596,0
DA:597,0
DA:598,0
DA:599,0
DA:605,1
DA:606,1
DA:608,1
DA:609,1
DA:610,3
DA:618,0
DA:619,0
DA:620,0
DA:621,0
DA:623,0
DA:625,0
DA:629,0
DA:630,0
DA:631,0
DA:633,0
DA:634,0
DA:635,0
DA:636,0
DA:638,0
DA:639,0
DA:640,0
DA:641,0
DA:649,0
DA:650,0
DA:651,0
DA:653,0
DA:655,0
DA:656,0
DA:657,0
DA:658,0
DA:659,0
DA:660,0
DA:661,0
DA:662,0
DA:663,0
DA:664,0
DA:665,0
DA:666,0
DA:667,0
DA:668,0
DA:669,0
DA:670,0
DA:671,0
DA:672,0
DA:673,0
DA:674,0
DA:675,0
DA:676,0
DA:677,0
DA:683,1
DA:684,1
DA:685,1
DA:686,1
DA:687,1
DA:688,1
DA:691,1
DA:692,1
DA:693,1
DA:694,1
DA:696,4
DA:698,3
DA:708,0
DA:709,0
DA:711,0
DA:712,0
DA:713,0
DA:714,0
DA:716,0
DA:718,0
DA:720,0
DA:726,0
DA:727,0
DA:728,0
DA:730,0
DA:731,0
DA:732,0
DA:733,0
DA:734,0
DA:735,0
DA:738,0
DA:739,0
DA:740,0
DA:743,0
DA:746,0
DA:748,0
DA:750,0
DA:758,0
DA:760,0
DA:762,0
DA:765,0
DA:766,0
DA:767,0
DA:768,0
DA:769,0
DA:770,0
DA:771,0
DA:772,0
DA:773,0
DA:774,0
DA:775,0
DA:776,0
DA:777,0
DA:778,0
DA:779,0
DA:780,0
DA:781,0
DA:782,0
DA:783,0
DA:784,0
DA:785,0
DA:789,0
DA:790,0
DA:791,0
DA:797,0
DA:799,0
DA:801,0
DA:802,0
DA:803,0
DA:804,0
DA:805,0
DA:806,0
DA:807,0
DA:809,0
DA:810,0
DA:812,0
DA:814,0
DA:815,0
DA:816,0
DA:820,0
DA:821,0
DA:822,0
DA:823,0
DA:828,0
DA:829,0
DA:830,0
DA:831,0
DA:832,0
DA:839,0
DA:840,0
DA:841,0
DA:842,0
DA:843,0
DA:846,0
DA:847,0
DA:854,1
DA:855,1
DA:858,1
DA:859,1
DA:862,2
DA:868,1
DA:869,1
DA:872,2
DA:878,1
DA:879,1
DA:885,1
DA:886,1
DA:892,1
DA:893,1
DA:896,2
DA:899,1
DA:902,2
DA:908,1
DA:909,1
DA:912,1
DA:922,2
DA:923,0
DA:929,2
DA:930,2
DA:938,2
DA:939,2
DA:941,2
DA:942,2
DA:944,2
DA:945,2
DA:969,2
DA:970,2
DA:972,2
DA:973,2
DA:975,2
DA:976,2
DA:978,2
DA:979,2
DA:981,2
DA:982,2
DA:984,2
DA:985,2
DA:987,2
DA:988,2
DA:990,2
DA:991,2
DA:993,2
DA:994,2
DA:996,2
DA:997,2
DA:999,2
DA:1000,2
DA:1002,2
DA:1003,2
DA:1005,2
DA:1006,2
DA:1008,2
DA:1009,2
DA:1011,2
DA:1012,2
DA:1014,2
DA:1015,2
DA:1017,2
DA:1018,2
DA:1020,2
DA:1021,2
DA:1023,2
DA:1024,2
LF:485
LH:165
end_of_record
SF:lib/parking/random_coordinates.dart
DA:3,1
DA:9,1
DA:10,3
DA:11,5
DA:13,1
DA:16,2
DA:17,1
DA:18,1
DA:21,2
DA:22,2
DA:23,2
DA:24,2
DA:25,5
DA:26,5
DA:28,6
LF:15
LH:15
end_of_record
